<?xml version="1.0" encoding="UTF-8"?>
<!-- Generated by org.testng.reporters.JUnitReportReporter -->
<testsuite hostname="Admin-PC" name="javapractice.Test2_Class" tests="2" failures="0" timestamp="30 Mar 2021 11:49:11 GMT" time="0.030" errors="0">
  <testcase name="name" time="0.004" classname="javapractice.Test2_Class"/>
  <testcase name="test3" time="0.026" classname="javapractice.Test2_Class"/>
</testsuite>
