<?xml version="1.0" encoding="UTF-8"?>
<!-- Generated by org.testng.reporters.JUnitReportReporter -->
<testsuite hostname="Admin-PC" name="stepDefinations.AddBookAPITest" tests="1" failures="0" timestamp="10 Mar 2021 06:37:10 GMT" time="3.439" errors="0">
  <testcase name="addBook" time="3.439" classname="stepDefinations.AddBookAPITest"/>
</testsuite>
