<?xml version="1.0" encoding="UTF-8"?>
<!-- Generated by org.testng.reporters.JUnitReportReporter -->
<testsuite hostname="Admin-PC" name="stepDefinations.excelDriven" tests="1" failures="0" timestamp="10 Mar 2021 09:14:47 GMT" time="7.243" errors="0">
  <testcase name="addBook" time="7.243" classname="stepDefinations.excelDriven"/>
</testsuite>
